2021-09-29 09:13:14 +0000 [MT] Initial pipeline context: <IDEDistributionProcessingPipelineContext: 0x7fd9d2ee6c90; archive(resolved)='<IDEArchive: 0x7fd9d5708ee0>', distributionTask(resolved)='2', distributionDestination(resolved)='1', distributionMethod(resolved)='<IDEDistributionMethodiOSAdHoc: 0x7fd9d52f2400>', team(resolved)='<IDEProvisioningBasicTeam: 0x7fd9d2eeaf90; teamID='4BGCVPB2J7', teamName='(null)'>'>
	Chain (13, self inclusive):
	<IDEDistributionProcessingPipelineContext: 0x7fd9d2ee6c90; archive = '<IDEArchive: 0x7fd9d5708ee0>', distributionMethod='<IDEDistributionMethodiOSAdHoc: 0x7fd9d52f2400>', team='<IDEProvisioningBasicTeam: 0x7fd9d2eeaf90; teamID='4BGCVPB2J7', teamName='(null)'>'>
	<IDEDistributionProcessingPipelineContext: 0x7fd9d2eeca80; archive = '<IDEArchive: 0x7fd9d5708ee0>', distributionMethod='<IDEDistributionMethodiOSAdHoc: 0x7fd9d52f2400>', team='<IDEProvisioningBasicTeam: 0x7fd9d2eeaf90; teamID='4BGCVPB2J7', teamName='(null)'>'>
	<IDEDistributionContext: 0x7fd9d590d2a0; archive = '<IDEArchive: 0x7fd9d5708ee0>', distributionMethod='<IDEDistributionMethodiOSAdHoc: 0x7fd9d52f2400>', team='<IDEProvisioningBasicTeam: 0x7fd9d2eeaf90; teamID='4BGCVPB2J7', teamName='(null)'>'>
	<IDEDistributionContext: 0x7fd9d576bb20; archive = '<IDEArchive: 0x7fd9d5708ee0>', distributionMethod='<IDEDistributionMethodiOSAdHoc: 0x7fd9d52f2400>', team='<IDEProvisioningBasicTeam: 0x7fd9d2eeaf90; teamID='4BGCVPB2J7', teamName='(null)'>'>
	<IDEDistributionContext: 0x7fd9d5769e60; archive = '<IDEArchive: 0x7fd9d5708ee0>', distributionMethod='<IDEDistributionMethodiOSAdHoc: 0x7fd9d52f2400>', team='<IDEProvisioningBasicTeam: 0x7fd9d2eeaf90; teamID='4BGCVPB2J7', teamName='(null)'>'>
	<IDEDistributionContext: 0x7fd9d57681d0; archive = '<IDEArchive: 0x7fd9d5708ee0>', distributionMethod='<IDEDistributionMethodiOSAdHoc: 0x7fd9d52f2400>', team='<IDEProvisioningBasicTeam: 0x7fd9d2eeaf90; teamID='4BGCVPB2J7', teamName='(null)'>'>
	<IDEDistributionContext: 0x7fd9d57645a0; archive = '<IDEArchive: 0x7fd9d5708ee0>', distributionMethod='<IDEDistributionMethodiOSAdHoc: 0x7fd9d52f2400>', team='<IDEProvisioningBasicTeam: 0x7fd9d2eeaf90; teamID='4BGCVPB2J7', teamName='(null)'>'>
	<IDEDistributionContext: 0x7fd9d5763620; archive = '<IDEArchive: 0x7fd9d5708ee0>', distributionMethod='<IDEDistributionMethodiOSAdHoc: 0x7fd9d52f2400>', team='<IDEProvisioningBasicTeam: 0x7fd9d2eeaf90; teamID='4BGCVPB2J7', teamName='(null)'>'>
	<IDEDistributionContext: 0x7fd9d5739b80; archive = '<IDEArchive: 0x7fd9d5708ee0>', distributionMethod='<IDEDistributionMethodiOSAdHoc: 0x7fd9d52f2400>', team='<IDEProvisioningBasicTeam: 0x7fd9d2eeaf90; teamID='4BGCVPB2J7', teamName='(null)'>'>
	<IDEDistributionContext: 0x7fd9d573b680; archive = '<IDEArchive: 0x7fd9d5708ee0>', distributionMethod='<IDEDistributionMethodiOSAdHoc: 0x7fd9d52f2400>', team='(null)'>
	<IDEDistributionContext: 0x7fd9d5748740; archive = '<IDEArchive: 0x7fd9d5708ee0>', distributionMethod='<IDEDistributionMethodiOSAdHoc: 0x7fd9d52f2400>', team='(null)'>
	<IDEDistributionContext: 0x7fd9d53b8730; archive = '<IDEArchive: 0x7fd9d5708ee0>', distributionMethod='<IDEDistributionMethodiOSAdHoc: 0x7fd9d52f2400>', team='(null)'>
	<IDEDistributionContext: 0x7fd9d57094f0; archive = '<IDEArchive: 0x7fd9d5708ee0>', distributionMethod='(null)', team='(null)'>
</IDEDistributionProcessingPipelineContext: 0x7fd9d2ee6c90>
2021-09-29 09:13:14 +0000 [MT] Processing step: IDEDistributionCreateDestRootStep
2021-09-29 09:13:14 +0000 [MT] Processing step: IDEDistributionCopyItemStep
2021-09-29 09:13:14 +0000 [MT] Running /usr/bin/ditto '-V' '/Users/shuaishuai/Desktop/AutoArchiveDemo/build/AutoArchiveDemo.xcarchive/Products/Applications/AutoArchiveDemo.app' '/var/folders/hr/nmjyqqf54dsf35ycqc60bbz40000gn/T/XcodeDistPipeline.~~~B2eHNT/Root/Payload/AutoArchiveDemo.app'
2021-09-29 09:13:14 +0000  >>> Copying /Users/shuaishuai/Desktop/AutoArchiveDemo/build/AutoArchiveDemo.xcarchive/Products/Applications/AutoArchiveDemo.app 
2021-09-29 09:13:14 +0000  copying file ./_CodeSignature/CodeResources ... 
2021-09-29 09:13:14 +0000  3895 bytes for ./_CodeSignature/CodeResources
2021-09-29 09:13:14 +0000  copying file ./AutoArchiveDemo ... 
2021-09-29 09:13:14 +0000  170096 bytes for ./AutoArchiveDemo
2021-09-29 09:13:14 +0000  copying file ./Base.lproj/Main.storyboardc/UIViewController-BYZ-38-t0r.nib ... 
2021-09-29 09:13:14 +0000  916 bytes for ./Base.lproj/Main.storyboardc/UIViewController-BYZ-38-t0r.nib
2021-09-29 09:13:14 +0000  copying file ./Base.lproj/Main.storyboardc/BYZ-38-t0r-view-8bC-Xf-vdC.nib ... 
2021-09-29 09:13:14 +0000  1197 bytes for ./Base.lproj/Main.storyboardc/BYZ-38-t0r-view-8bC-Xf-vdC.nib
copying file ./Base.lproj/Main.storyboardc/Info.plist ... 
2021-09-29 09:13:14 +0000  258 bytes for ./Base.lproj/Main.storyboardc/Info.plist
2021-09-29 09:13:14 +0000  copying file ./Base.lproj/LaunchScreen.storyboardc/01J-lp-oVM-view-Ze5-6b-2t3.nib ... 
2021-09-29 09:13:14 +0000  1197 bytes for ./Base.lproj/LaunchScreen.storyboardc/01J-lp-oVM-view-Ze5-6b-2t3.nib
copying file ./Base.lproj/LaunchScreen.storyboardc/UIViewController-01J-lp-oVM.nib ... 
2021-09-29 09:13:14 +0000  896 bytes for ./Base.lproj/LaunchScreen.storyboardc/UIViewController-01J-lp-oVM.nib
copying file ./Base.lproj/LaunchScreen.storyboardc/Info.plist ... 
2021-09-29 09:13:14 +0000  258 bytes for ./Base.lproj/LaunchScreen.storyboardc/Info.plist
2021-09-29 09:13:14 +0000  copying file ./embedded.mobileprovision ... 
2021-09-29 09:13:14 +0000  13879 bytes for ./embedded.mobileprovision
copying file ./Info.plist ... 
2021-09-29 09:13:14 +0000  1470 bytes for ./Info.plist
copying file ./PkgInfo ... 
2021-09-29 09:13:14 +0000  8 bytes for ./PkgInfo
2021-09-29 09:13:14 +0000 [MT] /usr/bin/ditto exited with 0
2021-09-29 09:13:14 +0000 [MT] Processing step: IDEDistributionEmbedProfileStep
2021-09-29 09:13:14 +0000 [MT] Processing step: IDEDistributionInfoPlistStep
2021-09-29 09:13:14 +0000 [MT] Skipping step: IDEDistributionInfoPlistStep because it said so
2021-09-29 09:13:14 +0000 [MT] Processing step: IDEDistributionAppThinningPlistStep
2021-09-29 09:13:14 +0000 [MT] Skipping step: IDEDistributionAppThinningPlistStep because it said so
2021-09-29 09:13:14 +0000 [MT] Processing step: IDEDistributionCompileBitcodeStep
2021-09-29 09:13:14 +0000 [MT] Skipping step: IDEDistributionCompileBitcodeStep because it said so
2021-09-29 09:13:14 +0000 [MT] Processing step: IDEDistributionCodeSlimmingStep
2021-09-29 09:13:14 +0000 [MT] Running /Applications/Xcode.app/Contents/Developer/Toolchains/XcodeDefault.xctoolchain/usr/bin/bitcode_strip '/var/folders/hr/nmjyqqf54dsf35ycqc60bbz40000gn/T/XcodeDistPipeline.~~~B2eHNT/Root/Payload/AutoArchiveDemo.app/AutoArchiveDemo' '-r' '-o' '/var/folders/hr/nmjyqqf54dsf35ycqc60bbz40000gn/T/XcodeDistPipeline.~~~B2eHNT/Root/Payload/AutoArchiveDemo.app/AutoArchiveDemo'
2021-09-29 09:13:14 +0000 [MT] /Applications/Xcode.app/Contents/Developer/Toolchains/XcodeDefault.xctoolchain/usr/bin/bitcode_strip exited with 0
2021-09-29 09:13:14 +0000 [MT] Processing step: IDEDistributionCopyBCSymbolMapsStep
2021-09-29 09:13:14 +0000 [MT] Skipping step: IDEDistributionCopyBCSymbolMapsStep because it said so
2021-09-29 09:13:14 +0000 [MT] Processing step: IDEDistributionSymbolsStep
2021-09-29 09:13:14 +0000 [MT] Skipping step: IDEDistributionSymbolsStep because it said so
2021-09-29 09:13:14 +0000 [MT] Processing step: IDEDistributionAppThinningStep
2021-09-29 09:13:14 +0000 [MT] Skipping step: IDEDistributionAppThinningStep because it said so
2021-09-29 09:13:14 +0000 [MT] Processing step: IDEDistributionArchThinningStep
2021-09-29 09:13:14 +0000 [MT] Running /Applications/Xcode.app/Contents/Developer/Toolchains/XcodeDefault.xctoolchain/usr/bin/lipo '/var/folders/hr/nmjyqqf54dsf35ycqc60bbz40000gn/T/XcodeDistPipeline.~~~B2eHNT/Root/Payload/AutoArchiveDemo.app/AutoArchiveDemo' '-verify_arch' 'arm64e'
2021-09-29 09:13:14 +0000 [MT] /Applications/Xcode.app/Contents/Developer/Toolchains/XcodeDefault.xctoolchain/usr/bin/lipo exited with 1
2021-09-29 09:13:14 +0000 [MT] Skipping architecture thinning for item "AutoArchiveDemo" because arch "arm64e" wasn't found
2021-09-29 09:13:14 +0000 [MT] Processing step: IDEDistributionODRStep
2021-09-29 09:13:14 +0000 [MT] Processing step: IDEDistributionStripXattrsStep
2021-09-29 09:13:14 +0000 [MT] Running /usr/bin/xattr '-crs' '/var/folders/hr/nmjyqqf54dsf35ycqc60bbz40000gn/T/XcodeDistPipeline.~~~B2eHNT/Root/Payload/AutoArchiveDemo.app'
2021-09-29 09:13:14 +0000 [MT] /usr/bin/xattr exited with 0
2021-09-29 09:13:14 +0000 [MT] Processing step: IDEDistributionCodesignStep
2021-09-29 09:13:14 +0000 [MT] Entitlements for <IDEDistributionItem: 0x7fd9d5756480; bundleID='com.Marshal.commonTestAPP', path='<DVTFilePath:0x7fd9d57088f0:'/Users/shuaishuai/Desktop/AutoArchiveDemo/build/AutoArchiveDemo.xcarchive/Products/Applications/AutoArchiveDemo.app'>', codeSigningInfo='<_DVTCodeSigningInformation_Path: 0x7fd9d5744c30; isSigned='1', isAdHocSigned='0', signingCertificate='<DVTSigningCertificate: 0x7fd9d5790930; name='Apple Distribution: DIWEI ZHANG (4BGCVPB2J7)', hash='5D46DDF900D38CAE377767881A8BFCAA1CF85C70', serialNumber='<DVTSigningCertificateSerialNumber: 0x7fd9d5790ad0>', certificateKinds='(
    "1.2.840.113635.100.6.1.4",
    "1.2.840.113635.100.6.1.7"
), issueDate='2021-09-14 01:47:05 +0000''>', entitlements='{
    "application-identifier" = "4BGCVPB2J7.com.Marshal.commonTestAPP";
    "com.apple.developer.team-identifier" = 4BGCVPB2J7;
    "get-task-allow" = 0;
    "keychain-access-groups" =     (
        "4BGCVPB2J7.com.Marshal.commonTestAPP"
    );
}', teamID='4BGCVPB2J7', identifier='com.Marshal.commonTestAPP', executablePath='<DVTFilePath:0x7fd9d53ca850:'/Users/shuaishuai/Desktop/AutoArchiveDemo/build/AutoArchiveDemo.xcarchive/Products/Applications/AutoArchiveDemo.app/AutoArchiveDemo'>', hardenedRuntime='0'>'>: {
    "application-identifier" = "4BGCVPB2J7.com.Marshal.commonTestAPP";
    "com.apple.developer.team-identifier" = 4BGCVPB2J7;
    "get-task-allow" = 0;
    "keychain-access-groups" =     (
        "4BGCVPB2J7.com.Marshal.commonTestAPP"
    );
}
2021-09-29 09:13:14 +0000 [MT] Entitlements for <IDEDistributionItem: 0x7fd9d5756480; bundleID='com.Marshal.commonTestAPP', path='<DVTFilePath:0x7fd9d57088f0:'/Users/shuaishuai/Desktop/AutoArchiveDemo/build/AutoArchiveDemo.xcarchive/Products/Applications/AutoArchiveDemo.app'>', codeSigningInfo='<_DVTCodeSigningInformation_Path: 0x7fd9d5744c30; isSigned='1', isAdHocSigned='0', signingCertificate='<DVTSigningCertificate: 0x7fd9d5796e00; name='Apple Distribution: DIWEI ZHANG (4BGCVPB2J7)', hash='5D46DDF900D38CAE377767881A8BFCAA1CF85C70', serialNumber='<DVTSigningCertificateSerialNumber: 0x7fd9d5797020>', certificateKinds='(
    "1.2.840.113635.100.6.1.4",
    "1.2.840.113635.100.6.1.7"
), issueDate='2021-09-14 01:47:05 +0000''>', entitlements='{
    "application-identifier" = "4BGCVPB2J7.com.Marshal.commonTestAPP";
    "com.apple.developer.team-identifier" = 4BGCVPB2J7;
    "get-task-allow" = 0;
    "keychain-access-groups" =     (
        "4BGCVPB2J7.com.Marshal.commonTestAPP"
    );
}', teamID='4BGCVPB2J7', identifier='com.Marshal.commonTestAPP', executablePath='<DVTFilePath:0x7fd9d53ca850:'/Users/shuaishuai/Desktop/AutoArchiveDemo/build/AutoArchiveDemo.xcarchive/Products/Applications/AutoArchiveDemo.app/AutoArchiveDemo'>', hardenedRuntime='0'>'> are: {
    "application-identifier" = "4BGCVPB2J7.com.Marshal.commonTestAPP";
    "com.apple.developer.team-identifier" = 4BGCVPB2J7;
    "get-task-allow" = 0;
    "keychain-access-groups" =     (
        "4BGCVPB2J7.com.Marshal.commonTestAPP"
    );
}
2021-09-29 09:13:14 +0000 [MT] Writing entitlements for <IDEDistributionItem: 0x7fd9d5756480; bundleID='com.Marshal.commonTestAPP', path='<DVTFilePath:0x7fd9d57088f0:'/Users/shuaishuai/Desktop/AutoArchiveDemo/build/AutoArchiveDemo.xcarchive/Products/Applications/AutoArchiveDemo.app'>', codeSigningInfo='<_DVTCodeSigningInformation_Path: 0x7fd9d5744c30; isSigned='1', isAdHocSigned='0', signingCertificate='<DVTSigningCertificate: 0x7fd9d579c020; name='Apple Distribution: DIWEI ZHANG (4BGCVPB2J7)', hash='5D46DDF900D38CAE377767881A8BFCAA1CF85C70', serialNumber='<DVTSigningCertificateSerialNumber: 0x7fd9d579b8c0>', certificateKinds='(
    "1.2.840.113635.100.6.1.4",
    "1.2.840.113635.100.6.1.7"
), issueDate='2021-09-14 01:47:05 +0000''>', entitlements='{
    "application-identifier" = "4BGCVPB2J7.com.Marshal.commonTestAPP";
    "com.apple.developer.team-identifier" = 4BGCVPB2J7;
    "get-task-allow" = 0;
    "keychain-access-groups" =     (
        "4BGCVPB2J7.com.Marshal.commonTestAPP"
    );
}', teamID='4BGCVPB2J7', identifier='com.Marshal.commonTestAPP', executablePath='<DVTFilePath:0x7fd9d53ca850:'/Users/shuaishuai/Desktop/AutoArchiveDemo/build/AutoArchiveDemo.xcarchive/Products/Applications/AutoArchiveDemo.app/AutoArchiveDemo'>', hardenedRuntime='0'>'> to: /var/folders/hr/nmjyqqf54dsf35ycqc60bbz40000gn/T/XcodeDistPipeline.~~~B2eHNT/entitlements~~~cMafJm
2021-09-29 09:13:14 +0000 [MT] Running /usr/bin/codesign '-vvv' '--force' '--sign' '5D46DDF900D38CAE377767881A8BFCAA1CF85C70' '--entitlements' '/var/folders/hr/nmjyqqf54dsf35ycqc60bbz40000gn/T/XcodeDistPipeline.~~~B2eHNT/entitlements~~~cMafJm' '--preserve-metadata=identifier,flags,runtime' '/var/folders/hr/nmjyqqf54dsf35ycqc60bbz40000gn/T/XcodeDistPipeline.~~~B2eHNT/Root/Payload/AutoArchiveDemo.app'
2021-09-29 09:13:15 +0000  /var/folders/hr/nmjyqqf54dsf35ycqc60bbz40000gn/T/XcodeDistPipeline.~~~B2eHNT/Root/Payload/AutoArchiveDemo.app: signed app bundle with Mach-O thin (arm64) [com.Marshal.commonTestAPP]
2021-09-29 09:13:15 +0000 [MT] /usr/bin/codesign exited with 0
2021-09-29 09:13:15 +0000 [MT] Processing step: IDEDistributionZipODRItemStep
2021-09-29 09:13:15 +0000 [MT] Skipping step: IDEDistributionZipODRItemStep because it said so
2021-09-29 09:13:15 +0000 [MT] Processing step: IDEDistributionCreateIPAStep
2021-09-29 09:13:15 +0000 [MT] Running /usr/bin/ditto '-V' '-c' '-k' '--norsrc' '/var/folders/hr/nmjyqqf54dsf35ycqc60bbz40000gn/T/XcodeDistPipeline.~~~B2eHNT/Root' '/var/folders/hr/nmjyqqf54dsf35ycqc60bbz40000gn/T/XcodeDistPipeline.~~~B2eHNT/Packages/AutoArchiveDemo.ipa'
2021-09-29 09:13:15 +0000  >>> Copying /var/folders/hr/nmjyqqf54dsf35ycqc60bbz40000gn/T/XcodeDistPipeline.~~~B2eHNT/Root 
2021-09-29 09:13:15 +0000  copying file ./Payload/AutoArchiveDemo.app/_CodeSignature/CodeResources ... 
2021-09-29 09:13:15 +0000  3895 bytes for ./Payload/AutoArchiveDemo.app/_CodeSignature/CodeResources
copying file ./Payload/AutoArchiveDemo.app/AutoArchiveDemo ... 
2021-09-29 09:13:15 +0000  87536 bytes for ./Payload/AutoArchiveDemo.app/AutoArchiveDemo
2021-09-29 09:13:15 +0000  copying file ./Payload/AutoArchiveDemo.app/Base.lproj/Main.storyboardc/UIViewController-BYZ-38-t0r.nib ... 
2021-09-29 09:13:15 +0000  916 bytes for ./Payload/AutoArchiveDemo.app/Base.lproj/Main.storyboardc/UIViewController-BYZ-38-t0r.nib
copying file ./Payload/AutoArchiveDemo.app/Base.lproj/Main.storyboardc/BYZ-38-t0r-view-8bC-Xf-vdC.nib ... 
2021-09-29 09:13:15 +0000  1197 bytes for ./Payload/AutoArchiveDemo.app/Base.lproj/Main.storyboardc/BYZ-38-t0r-view-8bC-Xf-vdC.nib
copying file ./Payload/AutoArchiveDemo.app/Base.lproj/Main.storyboardc/Info.plist ... 
2021-09-29 09:13:15 +0000  258 bytes for ./Payload/AutoArchiveDemo.app/Base.lproj/Main.storyboardc/Info.plist
copying file ./Payload/AutoArchiveDemo.app/Base.lproj/LaunchScreen.storyboardc/01J-lp-oVM-view-Ze5-6b-2t3.nib ... 
2021-09-29 09:13:15 +0000  1197 bytes for ./Payload/AutoArchiveDemo.app/Base.lproj/LaunchScreen.storyboardc/01J-lp-oVM-view-Ze5-6b-2t3.nib
copying file ./Payload/AutoArchiveDemo.app/Base.lproj/LaunchScreen.storyboardc/UIViewController-01J-lp-oVM.nib ... 
2021-09-29 09:13:15 +0000  896 bytes for ./Payload/AutoArchiveDemo.app/Base.lproj/LaunchScreen.storyboardc/UIViewController-01J-lp-oVM.nib
copying file ./Payload/AutoArchiveDemo.app/Base.lproj/LaunchScreen.storyboardc/Info.plist ... 
2021-09-29 09:13:15 +0000  258 bytes for ./Payload/AutoArchiveDemo.app/Base.lproj/LaunchScreen.storyboardc/Info.plist
copying file ./Payload/AutoArchiveDemo.app/embedded.mobileprovision ... 
2021-09-29 09:13:15 +0000  13879 bytes for ./Payload/AutoArchiveDemo.app/embedded.mobileprovision
copying file ./Payload/AutoArchiveDemo.app/Info.plist ... 
2021-09-29 09:13:15 +0000  1470 bytes for ./Payload/AutoArchiveDemo.app/Info.plist
copying file ./Payload/AutoArchiveDemo.app/PkgInfo ... 
2021-09-29 09:13:15 +0000  8 bytes for ./Payload/AutoArchiveDemo.app/PkgInfo
2021-09-29 09:13:15 +0000 [MT] /usr/bin/ditto exited with 0
2021-09-29 09:13:15 +0000 [MT] Processing step: IDEDistributionAppStoreInformationStep
2021-09-29 09:13:15 +0000 [MT] Skipping step: IDEDistributionAppStoreInformationStep because it said so
2021-09-29 09:13:15 +0000 [MT] Processing step: IDEDistributionGenerateProcessedDistributionItems
2021-09-29 09:13:15 +0000 [MT] IDEDistributionItem init <DVTFilePath:0x7fd9d5765cf0:'/var/folders/hr/nmjyqqf54dsf35ycqc60bbz40000gn/T/XcodeDistPipeline.~~~B2eHNT/Root/Payload/AutoArchiveDemo.app'>
2021-09-29 09:13:15 +0000 [MT] Processing step: IDEDistributionCreateManifestStep
